<?xml version="1.0" encoding="UTF-8"?>
<!-- Generated by org.testng.reporters.JUnitXMLReporter -->
<testsuite ignored="0" hostname="LAPTOP-2OD9FJD5" failures="1" tests="2" name="Test" time="234.926" errors="0" timestamp="2024-09-18T20:41:14 IST">
  <testcase classname="TestCases.TC002_ProfileUpdateDaily" name="ProfileUpdate" time="9.249"/>
  <testcase classname="TestCases.TC001_JobSearchTest" name="verify_login" time="124.374">
    <failure type="java.lang.AssertionError" message="null">
      <![CDATA[java.lang.AssertionError: null
at TestCases.TC001_JobSearchTest.verify_login(TC001_JobSearchTest.java:50)
at java.base/java.util.ArrayList.forEach(ArrayList.java:1511)
... Removed 29 stack frames]]>
    </failure>
  </testcase> <!-- verify_login -->
</testsuite> <!-- Test -->
